<?xml version="1.0" encoding="utf-8"?>
<!DOCTYPE coverage SYSTEM "http://cobertura.sourceforge.net/xml/coverage-04.dtd">
<coverage line-rate="0.8571428571428571" branch-rate="0.75" lines-covered="12" lines-valid="14" branches-covered="3" branches-valid="4" complexity="6" version="0" timestamp="1622767041">
  <sources />
  <packages>
    <package name="Serilog.Enrichers.ActivityTags" line-rate="0.8571428571428571" branch-rate="0.75" complexity="6">
      <classes>
        <class name="Serilog.Enrichers.ActivityTags.ActivityTagsEnricher" filename="/home/runner/work/Serilog.Enrichers.ActivityTags/Serilog.Enrichers.ActivityTags/src/Serilog.Enrichers.ActivityTags/ActivityTagsEnricher.cs" line-rate="1" branch-rate="0.75" complexity="NaN">
          <methods>
            <method name="Enrich" signature="(Serilog.Events.LogEvent,Serilog.Core.ILogEventPropertyFactory)" line-rate="1" branch-rate="0.75" complexity="NaN">
              <lines>
                <line number="11" hits="1" branch="false" />
                <line number="12" hits="1" branch="false" />
                <line number="14" hits="1" branch="true" condition-coverage="50% (1/2)" />
                <line number="16" hits="7" branch="true" condition-coverage="100% (2/2)" />
                <line number="17" hits="2" branch="false" />
                <line number="18" hits="2" branch="false" />
                <line number="19" hits="2" branch="false" />
                <line number="20" hits="1" branch="false" />
              </lines>
            </method>
          </methods>
          <lines>
            <line number="11" hits="1" branch="false" />
            <line number="12" hits="1" branch="false" />
            <line number="14" hits="1" branch="true" condition-coverage="50% (1/2)" />
            <line number="16" hits="7" branch="true" condition-coverage="100% (2/2)" />
            <line number="17" hits="2" branch="false" />
            <line number="18" hits="2" branch="false" />
            <line number="19" hits="2" branch="false" />
            <line number="20" hits="1" branch="false" />
          </lines>
        </class>
        <class name="Serilog.Enrichers.ActivityTags.LoggerEnrichmentConfigurationExtensions" filename="/home/runner/work/Serilog.Enrichers.ActivityTags/Serilog.Enrichers.ActivityTags/src/Serilog.Enrichers.ActivityTags/LoggerEnrichmentConfigurationExtensions.cs" line-rate="0.6666666666666666" branch-rate="1" complexity="NaN">
          <methods>
            <method name="WithActivityTags" signature="(Serilog.Configuration.LoggerEnrichmentConfiguration)" line-rate="0.6666666666666666" branch-rate="1" complexity="NaN">
              <lines>
                <line number="9" hits="1" branch="false" />
                <line number="10" hits="1" branch="false" />
                <line number="11" hits="0" branch="false" />
                <line number="12" hits="0" branch="false" />
                <line number="15" hits="1" branch="false" />
                <line number="16" hits="1" branch="false" />
              </lines>
            </method>
          </methods>
          <lines>
            <line number="9" hits="1" branch="false" />
            <line number="10" hits="1" branch="false" />
            <line number="11" hits="0" branch="false" />
            <line number="12" hits="0" branch="false" />
            <line number="15" hits="1" branch="false" />
            <line number="16" hits="1" branch="false" />
          </lines>
        </class>
      </classes>
    </package>
  </packages>
</coverage>